<?xml version="1.0" encoding="UTF-8"?>
<?xml-stylesheet type="text/xsl" href="ivy-report.xsl"?>
<ivy-report version="1.0">
	<info
		organisation="variomlws"
		module="variomlws_2.9.2"
		revision="1.0-SNAPSHOT"
		conf="test"
		confs="compile, runtime, test, provided, optional, compile-internal, runtime-internal, test-internal, plugin, sources, docs, pom"
		date="20121109221817"/>
	<dependencies>
		<module organisation="com.codahale" name="logula_2.9.1">
			<revision name="2.1.3" status="release" pubdate="20110914003301" resolver="repo.codahale.com" artresolver="repo.codahale.com" homepage="" downloaded="false" searched="false" default="false" conf="default(compile), default, compile, runtime, master" position="21">
				<license name="The MIT License" url="http://codahale.com/mit.txt"/>
				<metadata-artifact status="no" details="" size="3048" time="0" location="/Users/muilu/.ivy2/cache/com.codahale/logula_2.9.1/ivy-2.1.3.xml" searched="false" origin-is-local="false" origin-location="http://repo.codahale.com/com/codahale/logula_2.9.1/2.1.3/logula_2.9.1-2.1.3.pom"/>
				<caller organisation="variomlws" name="variomlws_2.9.2" conf="test, compile, runtime" rev="2.1.3" rev-constraint-default="2.1.3" rev-constraint-dynamic="2.1.3" callerrev="1.0-SNAPSHOT"/>
				<artifacts>
					<artifact name="logula_2.9.1" type="jar" ext="jar" status="no" details="" size="21456" time="0" location="/Users/muilu/.ivy2/cache/com.codahale/logula_2.9.1/jars/logula_2.9.1-2.1.3.jar">
						<origin-location is-local="false" location="http://repo.codahale.com/com/codahale/logula_2.9.1/2.1.3/logula_2.9.1-2.1.3.jar"/>
					</artifact>
				</artifacts>
			</revision>
		</module>
		<module organisation="joda-time" name="joda-time">
			<revision name="2.1" status="release" pubdate="20120626125938" resolver="sbt-chain" artresolver="sbt-chain" homepage="http://joda-time.sourceforge.net" downloaded="false" searched="false" default="false" conf="default(compile), default, compile, runtime, master" position="20">
				<license name="Apache 2" url="http://www.apache.org/licenses/LICENSE-2.0.txt"/>
				<metadata-artifact status="no" details="" size="3297" time="0" location="/Users/muilu/.ivy2/cache/joda-time/joda-time/ivy-2.1.xml" searched="false" origin-is-local="false" origin-location="http://repo.typesafe.com/typesafe/releases/joda-time/joda-time/2.1/joda-time-2.1.pom"/>
				<caller organisation="variomlws" name="variomlws_2.9.2" conf="test, compile, runtime" rev="2.1" rev-constraint-default="2.1" rev-constraint-dynamic="2.1" callerrev="1.0-SNAPSHOT"/>
				<artifacts>
					<artifact name="joda-time" type="jar" ext="jar" status="no" details="" size="570478" time="0" location="/Users/muilu/.ivy2/cache/joda-time/joda-time/jars/joda-time-2.1.jar">
						<origin-location is-local="false" location="http://repo.typesafe.com/typesafe/releases/joda-time/joda-time/2.1/joda-time-2.1.jar"/>
					</artifact>
				</artifacts>
			</revision>
		</module>
		<module organisation="de.undercouch" name="bson4jackson">
			<revision name="1.3.0" status="release" pubdate="20120104193927" resolver="Typesafe" artresolver="Typesafe" homepage="http://www.michel-kraemer.de" downloaded="false" searched="false" default="false" conf="default(compile), default, compile, runtime, master" position="19">
				<license name="The Apache Software License, Version 2.0" url="http://www.apache.org/licenses/LICENSE-2.0.txt"/>
				<metadata-artifact status="no" details="" size="2757" time="0" location="/Users/muilu/.ivy2/cache/de.undercouch/bson4jackson/ivy-1.3.0.xml" searched="false" origin-is-local="false" origin-location="http://repo.typesafe.com/typesafe/repo/de/undercouch/bson4jackson/1.3.0/bson4jackson-1.3.0.pom"/>
				<caller organisation="variomlws" name="variomlws_2.9.2" conf="test, compile, runtime" rev="1.3.0" rev-constraint-default="1.3.0" rev-constraint-dynamic="1.3.0" callerrev="1.0-SNAPSHOT"/>
				<artifacts>
					<artifact name="bson4jackson" type="jar" ext="jar" status="no" details="" size="54294" time="0" location="/Users/muilu/.ivy2/cache/de.undercouch/bson4jackson/jars/bson4jackson-1.3.0.jar">
						<origin-location is-local="false" location="http://repo.typesafe.com/typesafe/repo/de/undercouch/bson4jackson/1.3.0/bson4jackson-1.3.0.jar"/>
					</artifact>
				</artifacts>
			</revision>
		</module>
		<module organisation="org.codehaus.jackson" name="jackson-mapper-lgpl">
			<revision name="1.9.9" status="release" pubdate="20120728203925" resolver="Typesafe" artresolver="Typesafe" homepage="http://jackson.codehaus.org" downloaded="false" searched="false" default="false" conf="default(compile), default, compile, runtime, master" position="18">
				<license name="GNU Lesser General Public License (LGPL), Version 2.1" url="http://www.fsf.org/licensing/licenses/lgpl.txt"/>
				<metadata-artifact status="no" details="" size="2669" time="0" location="/Users/muilu/.ivy2/cache/org.codehaus.jackson/jackson-mapper-lgpl/ivy-1.9.9.xml" searched="false" origin-is-local="false" origin-location="http://repo.typesafe.com/typesafe/repo/org/codehaus/jackson/jackson-mapper-lgpl/1.9.9/jackson-mapper-lgpl-1.9.9.pom"/>
				<caller organisation="variomlws" name="variomlws_2.9.2" conf="test, compile, runtime" rev="1.9.9" rev-constraint-default="1.9.9" rev-constraint-dynamic="1.9.9" callerrev="1.0-SNAPSHOT"/>
				<artifacts>
					<artifact name="jackson-mapper-lgpl" type="jar" ext="jar" status="no" details="" size="785729" time="0" location="/Users/muilu/.ivy2/cache/org.codehaus.jackson/jackson-mapper-lgpl/jars/jackson-mapper-lgpl-1.9.9.jar">
						<origin-location is-local="false" location="http://repo.typesafe.com/typesafe/repo/org/codehaus/jackson/jackson-mapper-lgpl/1.9.9/jackson-mapper-lgpl-1.9.9.jar"/>
					</artifact>
				</artifacts>
			</revision>
		</module>
		<module organisation="org.codehaus.jackson" name="jackson-xc">
			<revision name="1.9.9" status="release" pubdate="20120728204022" resolver="Typesafe" artresolver="Typesafe" homepage="http://jackson.codehaus.org" downloaded="false" searched="false" default="false" conf="default(compile), default, compile, runtime, master" position="15">
				<license name="The Apache Software License, Version 2.0" url="http://www.apache.org/licenses/LICENSE-2.0.txt"/>
				<license name="GNU Lesser General Public License (LGPL), Version 2.1" url="http://www.fsf.org/licensing/licenses/lgpl.txt"/>
				<metadata-artifact status="no" details="" size="2932" time="0" location="/Users/muilu/.ivy2/cache/org.codehaus.jackson/jackson-xc/ivy-1.9.9.xml" searched="false" origin-is-local="false" origin-location="http://repo.typesafe.com/typesafe/repo/org/codehaus/jackson/jackson-xc/1.9.9/jackson-xc-1.9.9.pom"/>
				<caller organisation="variomlws" name="variomlws_2.9.2" conf="test, compile, runtime" rev="1.9.9" rev-constraint-default="1.9.9" rev-constraint-dynamic="1.9.9" callerrev="1.0-SNAPSHOT"/>
				<artifacts>
					<artifact name="jackson-xc" type="jar" ext="jar" status="no" details="" size="27074" time="0" location="/Users/muilu/.ivy2/cache/org.codehaus.jackson/jackson-xc/jars/jackson-xc-1.9.9.jar">
						<origin-location is-local="false" location="http://repo.typesafe.com/typesafe/repo/org/codehaus/jackson/jackson-xc/1.9.9/jackson-xc-1.9.9.jar"/>
					</artifact>
				</artifacts>
			</revision>
		</module>
		<module organisation="org.codehaus.jackson" name="jackson-mapper-asl">
			<revision name="1.9.9" status="release" pubdate="20120728203824" resolver="public" artresolver="public" homepage="http://jackson.codehaus.org" downloaded="false" searched="false" default="false" conf="compile, master(*), runtime, compile(*), runtime(*), master" position="17">
				<license name="The Apache Software License, Version 2.0" url="http://www.apache.org/licenses/LICENSE-2.0.txt"/>
				<metadata-artifact status="no" details="" size="2653" time="0" location="/Users/muilu/.ivy2/cache/org.codehaus.jackson/jackson-mapper-asl/ivy-1.9.9.xml" searched="false" origin-is-local="false" origin-location="http://repo1.maven.org/maven2/org/codehaus/jackson/jackson-mapper-asl/1.9.9/jackson-mapper-asl-1.9.9.pom"/>
				<caller organisation="de.undercouch" name="bson4jackson" conf="default, compile, runtime, master" rev="1.7.4" rev-constraint-default="1.7.4" rev-constraint-dynamic="1.7.4" callerrev="1.3.0"/>
				<caller organisation="org.codehaus.jackson" name="jackson-xc" conf="default, compile, runtime, master" rev="1.9.9" rev-constraint-default="1.9.9" rev-constraint-dynamic="1.9.9" callerrev="1.9.9"/>
				<artifacts>
					<artifact name="jackson-mapper-asl" type="jar" ext="jar" status="no" details="" size="780308" time="0" location="/Users/muilu/.ivy2/cache/org.codehaus.jackson/jackson-mapper-asl/jars/jackson-mapper-asl-1.9.9.jar">
						<origin-location is-local="false" location="http://repo1.maven.org/maven2/org/codehaus/jackson/jackson-mapper-asl/1.9.9/jackson-mapper-asl-1.9.9.jar"/>
					</artifact>
				</artifacts>
			</revision>
			<revision name="1.7.4" evicted="latest-revision" evicted-reason="" downloaded="false" searched="false" conf="compile, master(*), runtime, compile(*), runtime(*), master" position="-1">
				<evicted-by rev="1.9.9"/>
				<caller organisation="de.undercouch" name="bson4jackson" conf="default, compile, runtime, master" rev="1.7.4" rev-constraint-default="1.7.4" rev-constraint-dynamic="1.7.4" callerrev="1.3.0"/>
				<artifacts>
				</artifacts>
			</revision>
		</module>
		<module organisation="org.codehaus.jackson" name="jackson-core-asl">
			<revision name="1.9.9" status="release" pubdate="20120728203750" resolver="public" artresolver="public" homepage="http://jackson.codehaus.org" downloaded="false" searched="false" default="false" conf="compile, master(*), runtime, compile(*), runtime(*), master" position="16">
				<license name="The Apache Software License, Version 2.0" url="http://www.apache.org/licenses/LICENSE-2.0.txt"/>
				<metadata-artifact status="no" details="" size="2437" time="0" location="/Users/muilu/.ivy2/cache/org.codehaus.jackson/jackson-core-asl/ivy-1.9.9.xml" searched="false" origin-is-local="false" origin-location="http://repo1.maven.org/maven2/org/codehaus/jackson/jackson-core-asl/1.9.9/jackson-core-asl-1.9.9.pom"/>
				<caller organisation="org.codehaus.jackson" name="jackson-mapper-asl" conf="compile, runtime" rev="1.9.9" rev-constraint-default="1.9.9" rev-constraint-dynamic="1.9.9" callerrev="1.9.9"/>
				<caller organisation="de.undercouch" name="bson4jackson" conf="default, compile, runtime, master" rev="1.7.4" rev-constraint-default="1.7.4" rev-constraint-dynamic="1.7.4" callerrev="1.3.0"/>
				<caller organisation="org.codehaus.jackson" name="jackson-xc" conf="default, compile, runtime, master" rev="1.9.9" rev-constraint-default="1.9.9" rev-constraint-dynamic="1.9.9" callerrev="1.9.9"/>
				<artifacts>
					<artifact name="jackson-core-asl" type="jar" ext="jar" status="no" details="" size="232102" time="0" location="/Users/muilu/.ivy2/cache/org.codehaus.jackson/jackson-core-asl/jars/jackson-core-asl-1.9.9.jar">
						<origin-location is-local="false" location="http://repo1.maven.org/maven2/org/codehaus/jackson/jackson-core-asl/1.9.9/jackson-core-asl-1.9.9.jar"/>
					</artifact>
				</artifacts>
			</revision>
			<revision name="1.7.4" evicted="latest-revision" evicted-reason="" downloaded="false" searched="false" conf="compile, master(*), runtime, compile(*), runtime(*), master" position="-1">
				<evicted-by rev="1.9.9"/>
				<caller organisation="de.undercouch" name="bson4jackson" conf="default, compile, runtime, master" rev="1.7.4" rev-constraint-default="1.7.4" rev-constraint-dynamic="1.7.4" callerrev="1.3.0"/>
				<artifacts>
				</artifacts>
			</revision>
		</module>
		<module organisation="org.codehaus.jackson" name="jackson-core-lgpl">
			<revision name="1.9.9" status="release" pubdate="20120728203850" resolver="Typesafe" artresolver="Typesafe" homepage="http://jackson.codehaus.org" downloaded="false" searched="false" default="false" conf="default(compile), default, compile, master(*), compile(*), runtime, runtime(*), master" position="14">
				<license name="GNU Lesser General Public License (LGPL), Version 2.1" url="http://www.fsf.org/licensing/licenses/lgpl.txt"/>
				<metadata-artifact status="no" details="" size="2452" time="0" location="/Users/muilu/.ivy2/cache/org.codehaus.jackson/jackson-core-lgpl/ivy-1.9.9.xml" searched="false" origin-is-local="false" origin-location="http://repo.typesafe.com/typesafe/repo/org/codehaus/jackson/jackson-core-lgpl/1.9.9/jackson-core-lgpl-1.9.9.pom"/>
				<caller organisation="org.codehaus.jackson" name="jackson-mapper-lgpl" conf="default, compile, runtime, master" rev="1.9.9" rev-constraint-default="1.9.9" rev-constraint-dynamic="1.9.9" callerrev="1.9.9"/>
				<caller organisation="variomlws" name="variomlws_2.9.2" conf="test, compile, runtime" rev="1.9.9" rev-constraint-default="1.9.9" rev-constraint-dynamic="1.9.9" callerrev="1.0-SNAPSHOT"/>
				<artifacts>
					<artifact name="jackson-core-lgpl" type="jar" ext="jar" status="no" details="" size="237522" time="0" location="/Users/muilu/.ivy2/cache/org.codehaus.jackson/jackson-core-lgpl/jars/jackson-core-lgpl-1.9.9.jar">
						<origin-location is-local="false" location="http://repo.typesafe.com/typesafe/repo/org/codehaus/jackson/jackson-core-lgpl/1.9.9/jackson-core-lgpl-1.9.9.jar"/>
					</artifact>
				</artifacts>
			</revision>
		</module>
		<module organisation="wsdl4j" name="wsdl4j">
			<revision name="1.6.2" status="release" pubdate="20080831144606" resolver="Typesafe" artresolver="Typesafe" homepage="http://sf.net/projects/wsdl4j" downloaded="false" searched="false" default="false" conf="default(compile), default, compile, runtime, master" position="13">
				<license name="CPL" url="http://www.opensource.org/licenses/cpl1.0.txt"/>
				<metadata-artifact status="no" details="" size="2331" time="0" location="/Users/muilu/.ivy2/cache/wsdl4j/wsdl4j/ivy-1.6.2.xml" searched="false" origin-is-local="false" origin-location="http://repo.typesafe.com/typesafe/repo/wsdl4j/wsdl4j/1.6.2/wsdl4j-1.6.2.pom"/>
				<caller organisation="variomlws" name="variomlws_2.9.2" conf="test, compile, runtime" rev="1.6.2" rev-constraint-default="1.6.2" rev-constraint-dynamic="1.6.2" callerrev="1.0-SNAPSHOT"/>
				<artifacts>
					<artifact name="wsdl4j" type="jar" ext="jar" status="no" details="" size="148429" time="0" location="/Users/muilu/.ivy2/cache/wsdl4j/wsdl4j/jars/wsdl4j-1.6.2.jar">
						<origin-location is-local="false" location="http://repo.typesafe.com/typesafe/repo/wsdl4j/wsdl4j/1.6.2/wsdl4j-1.6.2.jar"/>
					</artifact>
				</artifacts>
			</revision>
		</module>
		<module organisation="commons-discovery" name="commons-discovery">
			<revision name="0.4" status="release" pubdate="20061203082717" resolver="Typesafe" artresolver="Typesafe" homepage="http://jakarta.apache.org/commons/${pom.artifactId.substring(8)}/" downloaded="false" searched="false" default="false" conf="default(compile), default, compile, runtime, master" position="12">
				<license name="The Apache Software License, Version 2.0" url="/LICENSE.txt"/>
				<metadata-artifact status="no" details="" size="2767" time="0" location="/Users/muilu/.ivy2/cache/commons-discovery/commons-discovery/ivy-0.4.xml" searched="false" origin-is-local="false" origin-location="http://repo.typesafe.com/typesafe/repo/commons-discovery/commons-discovery/0.4/commons-discovery-0.4.pom"/>
				<caller organisation="variomlws" name="variomlws_2.9.2" conf="test, compile, runtime" rev="0.4" rev-constraint-default="0.4" rev-constraint-dynamic="0.4" callerrev="1.0-SNAPSHOT"/>
				<artifacts>
					<artifact name="commons-discovery" type="jar" ext="jar" status="no" details="" size="76685" time="0" location="/Users/muilu/.ivy2/cache/commons-discovery/commons-discovery/jars/commons-discovery-0.4.jar">
						<origin-location is-local="false" location="http://repo.typesafe.com/typesafe/repo/commons-discovery/commons-discovery/0.4/commons-discovery-0.4.jar"/>
					</artifact>
				</artifacts>
			</revision>
		</module>
		<module organisation="org.apache.axis" name="axis-jaxrpc">
			<revision name="1.4" status="release" pubdate="20060423081751" resolver="Typesafe" artresolver="Typesafe" homepage="" downloaded="false" searched="false" default="false" conf="default(compile), default, compile, runtime, master" position="11">
				<metadata-artifact status="no" details="" size="2253" time="0" location="/Users/muilu/.ivy2/cache/org.apache.axis/axis-jaxrpc/ivy-1.4.xml" searched="false" origin-is-local="false" origin-location="http://repo.typesafe.com/typesafe/repo/org/apache/axis/axis-jaxrpc/1.4/axis-jaxrpc-1.4.pom"/>
				<caller organisation="variomlws" name="variomlws_2.9.2" conf="test, compile, runtime" rev="1.4" rev-constraint-default="1.4" rev-constraint-dynamic="1.4" callerrev="1.0-SNAPSHOT"/>
				<artifacts>
					<artifact name="axis-jaxrpc" type="jar" ext="jar" status="no" details="" size="31191" time="0" location="/Users/muilu/.ivy2/cache/org.apache.axis/axis-jaxrpc/jars/axis-jaxrpc-1.4.jar">
						<origin-location is-local="false" location="http://repo.typesafe.com/typesafe/repo/org/apache/axis/axis-jaxrpc/1.4/axis-jaxrpc-1.4.jar"/>
					</artifact>
				</artifacts>
			</revision>
		</module>
		<module organisation="org.apache.axis" name="axis">
			<revision name="1.4" status="release" pubdate="20060423081721" resolver="Typesafe" artresolver="Typesafe" homepage="" downloaded="false" searched="false" default="false" conf="default(compile), default, compile, runtime, master" position="10">
				<metadata-artifact status="no" details="" size="2239" time="0" location="/Users/muilu/.ivy2/cache/org.apache.axis/axis/ivy-1.4.xml" searched="false" origin-is-local="false" origin-location="http://repo.typesafe.com/typesafe/repo/org/apache/axis/axis/1.4/axis-1.4.pom"/>
				<caller organisation="variomlws" name="variomlws_2.9.2" conf="test, compile, runtime" rev="1.4" rev-constraint-default="1.4" rev-constraint-dynamic="1.4" callerrev="1.0-SNAPSHOT"/>
				<artifacts>
					<artifact name="axis" type="jar" ext="jar" status="no" details="" size="1599570" time="0" location="/Users/muilu/.ivy2/cache/org.apache.axis/axis/jars/axis-1.4.jar">
						<origin-location is-local="false" location="http://repo.typesafe.com/typesafe/repo/org/apache/axis/axis/1.4/axis-1.4.jar"/>
					</artifact>
				</artifacts>
			</revision>
		</module>
		<module organisation="javax.mail" name="mail">
			<revision name="1.4.5" status="release" pubdate="20120324000414" resolver="Typesafe" artresolver="Typesafe" homepage="" downloaded="false" searched="false" default="false" conf="default(compile), default, compile, runtime, master" position="9">
				<metadata-artifact status="no" details="" size="6877" time="0" location="/Users/muilu/.ivy2/cache/javax.mail/mail/ivy-1.4.5.xml" searched="false" origin-is-local="false" origin-location="http://repo.typesafe.com/typesafe/repo/javax/mail/mail/1.4.5/mail-1.4.5.pom"/>
				<caller organisation="variomlws" name="variomlws_2.9.2" conf="test, compile, runtime" rev="1.4.5" rev-constraint-default="1.4.5" rev-constraint-dynamic="1.4.5" callerrev="1.0-SNAPSHOT"/>
				<artifacts>
					<artifact name="mail" type="jar" ext="jar" status="no" details="" size="508143" time="0" location="/Users/muilu/.ivy2/cache/javax.mail/mail/jars/mail-1.4.5.jar">
						<origin-location is-local="false" location="http://repo.typesafe.com/typesafe/repo/javax/mail/mail/1.4.5/mail-1.4.5.jar"/>
					</artifact>
				</artifacts>
			</revision>
		</module>
		<module organisation="javax.activation" name="activation">
			<revision name="1.1.1" status="release" pubdate="20091023212603" resolver="Typesafe" artresolver="Typesafe" homepage="http://java.sun.com/javase/technologies/desktop/javabeans/jaf/index.jsp" downloaded="false" searched="false" default="false" conf="default(compile), default, compile, runtime, master, master(*), compile(*), runtime(*)" position="8">
				<license name="COMMON DEVELOPMENT AND DISTRIBUTION LICENSE (CDDL) Version 1.0" url="https://glassfish.dev.java.net/public/CDDLv1.0.html"/>
				<metadata-artifact status="no" details="" size="2518" time="0" location="/Users/muilu/.ivy2/cache/javax.activation/activation/ivy-1.1.1.xml" searched="false" origin-is-local="false" origin-location="http://repo.typesafe.com/typesafe/repo/javax/activation/activation/1.1.1/activation-1.1.1.pom"/>
				<caller organisation="variomlws" name="variomlws_2.9.2" conf="test, compile, runtime" rev="1.1.1" rev-constraint-default="1.1.1" rev-constraint-dynamic="1.1.1" callerrev="1.0-SNAPSHOT"/>
				<caller organisation="javax.mail" name="mail" conf="default, compile, runtime, master" rev="1.1" rev-constraint-default="1.1" rev-constraint-dynamic="1.1" callerrev="1.4.5"/>
				<artifacts>
					<artifact name="activation" type="jar" ext="jar" status="no" details="" size="69409" time="0" location="/Users/muilu/.ivy2/cache/javax.activation/activation/jars/activation-1.1.1.jar">
						<origin-location is-local="false" location="http://repo.typesafe.com/typesafe/repo/javax/activation/activation/1.1.1/activation-1.1.1.jar"/>
					</artifact>
				</artifacts>
			</revision>
			<revision name="1.1" evicted="latest-revision" evicted-reason="" downloaded="false" searched="false" conf="compile, master(*), runtime, compile(*), runtime(*), master" position="-1">
				<evicted-by rev="1.1.1"/>
				<caller organisation="javax.mail" name="mail" conf="default, compile, runtime, master" rev="1.1" rev-constraint-default="1.1" rev-constraint-dynamic="1.1" callerrev="1.4.5"/>
				<artifacts>
				</artifacts>
			</revision>
		</module>
		<module organisation="org.restlet.jse" name="org.restlet.ext.fileupload">
			<revision name="2.1.0" status="release" pubdate="20120920151333" resolver="restlet" artresolver="restlet" homepage="" downloaded="false" searched="false" default="false" conf="default(compile), default, compile, runtime, master" position="6">
				<metadata-artifact status="no" details="" size="9277" time="0" location="/Users/muilu/.ivy2/cache/org.restlet.jse/org.restlet.ext.fileupload/ivy-2.1.0.xml" searched="false" origin-is-local="false" origin-location="http://maven.restlet.org/org/restlet/jse/org.restlet.ext.fileupload/2.1.0/org.restlet.ext.fileupload-2.1.0.pom"/>
				<caller organisation="variomlws" name="variomlws_2.9.2" conf="test, compile, runtime" rev="2.1.0" rev-constraint-default="2.1.0" rev-constraint-dynamic="2.1.0" callerrev="1.0-SNAPSHOT"/>
				<artifacts>
					<artifact name="org.restlet.ext.fileupload" type="jar" ext="jar" status="no" details="" size="2412" time="0" location="/Users/muilu/.ivy2/cache/org.restlet.jse/org.restlet.ext.fileupload/jars/org.restlet.ext.fileupload-2.1.0.jar">
						<origin-location is-local="false" location="http://maven.restlet.org/org/restlet/jse/org.restlet.ext.fileupload/2.1.0/org.restlet.ext.fileupload-2.1.0.jar"/>
					</artifact>
				</artifacts>
			</revision>
		</module>
		<module organisation="commons-fileupload" name="commons-fileupload">
			<revision name="1.2.2" status="release" pubdate="20100729234112" resolver="Typesafe" artresolver="Typesafe" homepage="http://commons.apache.org/fileupload/" downloaded="false" searched="false" default="false" conf="default(compile), default, compile, master(*), runtime, compile(*), runtime(*), master" position="7">
				<metadata-artifact status="no" details="" size="6534" time="0" location="/Users/muilu/.ivy2/cache/commons-fileupload/commons-fileupload/ivy-1.2.2.xml" searched="false" origin-is-local="false" origin-location="http://repo.typesafe.com/typesafe/repo/commons-fileupload/commons-fileupload/1.2.2/commons-fileupload-1.2.2.pom"/>
				<caller organisation="variomlws" name="variomlws_2.9.2" conf="test, compile, runtime" rev="1.2.2" rev-constraint-default="1.2.2" rev-constraint-dynamic="1.2.2" callerrev="1.0-SNAPSHOT"/>
				<caller organisation="org.restlet.jse" name="org.restlet.ext.fileupload" conf="default, compile, runtime, master" rev="1.2.2" rev-constraint-default="1.2.2" rev-constraint-dynamic="1.2.2" callerrev="2.1.0"/>
				<artifacts>
					<artifact name="commons-fileupload" type="jar" ext="jar" status="no" details="" size="59590" time="0" location="/Users/muilu/.ivy2/cache/commons-fileupload/commons-fileupload/jars/commons-fileupload-1.2.2.jar">
						<origin-location is-local="false" location="http://repo.typesafe.com/typesafe/repo/commons-fileupload/commons-fileupload/1.2.2/commons-fileupload-1.2.2.jar"/>
					</artifact>
				</artifacts>
			</revision>
		</module>
		<module organisation="org.restlet.jse" name="org.restlet">
			<revision name="2.1.0" status="release" pubdate="20120920151336" resolver="restlet" artresolver="restlet" homepage="" downloaded="false" searched="false" default="false" conf="default(compile), default, compile, master(*), compile(*), runtime, runtime(*), master" position="5">
				<metadata-artifact status="no" details="" size="8800" time="0" location="/Users/muilu/.ivy2/cache/org.restlet.jse/org.restlet/ivy-2.1.0.xml" searched="false" origin-is-local="false" origin-location="http://maven.restlet.org/org/restlet/jse/org.restlet/2.1.0/org.restlet-2.1.0.pom"/>
				<caller organisation="variomlws" name="variomlws_2.9.2" conf="test, compile, runtime" rev="2.1.0" rev-constraint-default="2.1.0" rev-constraint-dynamic="2.1.0" callerrev="1.0-SNAPSHOT"/>
				<caller organisation="org.restlet.jse" name="org.restlet.ext.fileupload" conf="default, compile, runtime, master" rev="2.1.0" rev-constraint-default="2.1.0" rev-constraint-dynamic="2.1.0" callerrev="2.1.0"/>
				<artifacts>
					<artifact name="org.restlet" type="jar" ext="jar" status="no" details="" size="726131" time="0" location="/Users/muilu/.ivy2/cache/org.restlet.jse/org.restlet/jars/org.restlet-2.1.0.jar">
						<origin-location is-local="false" location="http://maven.restlet.org/org/restlet/jse/org.restlet/2.1.0/org.restlet-2.1.0.jar"/>
					</artifact>
				</artifacts>
			</revision>
		</module>
		<module organisation="commons-logging" name="commons-logging">
			<revision name="1.1.1" status="release" pubdate="20071126222410" resolver="sbt-chain" artresolver="sbt-chain" homepage="http://commons.apache.org/logging" downloaded="false" searched="false" default="false" conf="default(compile), default, compile, runtime, master, master(*), compile(*), runtime(*)" position="4">
				<metadata-artifact status="no" details="" size="3941" time="0" location="/Users/muilu/.ivy2/cache/commons-logging/commons-logging/ivy-1.1.1.xml" searched="false" origin-is-local="false" origin-location="http://repo1.maven.org/maven2/commons-logging/commons-logging/1.1.1/commons-logging-1.1.1.pom"/>
				<caller organisation="commons-discovery" name="commons-discovery" conf="default, compile, runtime, master" rev="1.0.4" rev-constraint-default="1.0.4" rev-constraint-dynamic="1.0.4" callerrev="0.4"/>
				<caller organisation="variomlws" name="variomlws_2.9.2" conf="test, compile, runtime" rev="1.1.1" rev-constraint-default="1.1.1" rev-constraint-dynamic="1.1.1" callerrev="1.0-SNAPSHOT"/>
				<artifacts>
					<artifact name="commons-logging" type="jar" ext="jar" status="no" details="" size="60686" time="0" location="/Users/muilu/.ivy2/cache/commons-logging/commons-logging/jars/commons-logging-1.1.1.jar">
						<origin-location is-local="false" location="http://repo1.maven.org/maven2/commons-logging/commons-logging/1.1.1/commons-logging-1.1.1.jar"/>
					</artifact>
				</artifacts>
			</revision>
			<revision name="1.0.4" evicted="latest-revision" evicted-reason="" downloaded="false" searched="false" conf="compile, master(*), runtime, compile(*), runtime(*), master" position="-1">
				<evicted-by rev="1.1.1"/>
				<caller organisation="commons-discovery" name="commons-discovery" conf="default, compile, runtime, master" rev="1.0.4" rev-constraint-default="1.0.4" rev-constraint-dynamic="1.0.4" callerrev="0.4"/>
				<artifacts>
				</artifacts>
			</revision>
		</module>
		<module organisation="org.slf4j" name="slf4j-log4j12">
			<revision name="1.6.6" status="release" pubdate="20120613194111" resolver="sbt-chain" artresolver="sbt-chain" homepage="http://www.slf4j.org" downloaded="false" searched="false" default="false" conf="default(compile), default, compile, runtime, master" position="1">
				<metadata-artifact status="no" details="" size="4575" time="0" location="/Users/muilu/.ivy2/cache/org.slf4j/slf4j-log4j12/ivy-1.6.6.xml" searched="false" origin-is-local="false" origin-location="http://repo.typesafe.com/typesafe/releases/org/slf4j/slf4j-log4j12/1.6.6/slf4j-log4j12-1.6.6.pom"/>
				<caller organisation="variomlws" name="variomlws_2.9.2" conf="test, compile, runtime" rev="1.6.6" rev-constraint-default="1.6.6" rev-constraint-dynamic="1.6.6" callerrev="1.0-SNAPSHOT"/>
				<artifacts>
					<artifact name="slf4j-log4j12" type="jar" ext="jar" status="no" details="" size="9711" time="0" location="/Users/muilu/.ivy2/cache/org.slf4j/slf4j-log4j12/jars/slf4j-log4j12-1.6.6.jar">
						<origin-location is-local="false" location="http://repo.typesafe.com/typesafe/releases/org/slf4j/slf4j-log4j12/1.6.6/slf4j-log4j12-1.6.6.jar"/>
					</artifact>
				</artifacts>
			</revision>
		</module>
		<module organisation="log4j" name="log4j">
			<revision name="1.2.17" status="release" pubdate="20120601124200" resolver="sbt-chain" artresolver="sbt-chain" homepage="http://logging.apache.org/log4j/1.2/" downloaded="false" searched="false" default="false" conf="compile, master(*), runtime, compile(*), runtime(*), master" position="3">
				<license name="The Apache Software License, Version 2.0" url="http://www.apache.org/licenses/LICENSE-2.0.txt"/>
				<metadata-artifact status="no" details="" size="3514" time="0" location="/Users/muilu/.ivy2/cache/log4j/log4j/ivy-1.2.17.xml" searched="false" origin-is-local="false" origin-location="http://repo.typesafe.com/typesafe/releases/log4j/log4j/1.2.17/log4j-1.2.17.pom"/>
				<caller organisation="org.slf4j" name="slf4j-log4j12" conf="default, compile, runtime, master" rev="1.2.17" rev-constraint-default="1.2.17" rev-constraint-dynamic="1.2.17" callerrev="1.6.6"/>
				<caller organisation="com.codahale" name="logula_2.9.1" conf="default, compile, runtime, master" rev="1.2.16" rev-constraint-default="1.2.16" rev-constraint-dynamic="1.2.16" callerrev="2.1.3"/>
				<artifacts>
					<artifact name="log4j" type="bundle" ext="jar" status="no" details="" size="489884" time="0" location="/Users/muilu/.ivy2/cache/log4j/log4j/bundles/log4j-1.2.17.jar">
						<origin-location is-local="false" location="http://repo.typesafe.com/typesafe/releases/log4j/log4j/1.2.17/log4j-1.2.17.jar"/>
					</artifact>
				</artifacts>
			</revision>
			<revision name="1.2.16" evicted="latest-revision" evicted-reason="" downloaded="false" searched="false" conf="compile, master(*), runtime, compile(*), runtime(*), master" position="-1">
				<evicted-by rev="1.2.17"/>
				<caller organisation="com.codahale" name="logula_2.9.1" conf="default, compile, runtime, master" rev="1.2.16" rev-constraint-default="1.2.16" rev-constraint-dynamic="1.2.16" callerrev="2.1.3"/>
				<artifacts>
				</artifacts>
			</revision>
		</module>
		<module organisation="org.slf4j" name="slf4j-api">
			<revision name="1.6.6" status="release" pubdate="20120612113628" resolver="sbt-chain" artresolver="sbt-chain" homepage="http://www.slf4j.org" downloaded="false" searched="false" default="false" conf="compile, master(*), runtime, compile(*), runtime(*), master" position="2">
				<metadata-artifact status="no" details="" size="4409" time="0" location="/Users/muilu/.ivy2/cache/org.slf4j/slf4j-api/ivy-1.6.6.xml" searched="false" origin-is-local="false" origin-location="http://repo.typesafe.com/typesafe/releases/org/slf4j/slf4j-api/1.6.6/slf4j-api-1.6.6.pom"/>
				<caller organisation="org.slf4j" name="slf4j-log4j12" conf="default, compile, runtime, master" rev="1.6.6" rev-constraint-default="1.6.6" rev-constraint-dynamic="1.6.6" callerrev="1.6.6"/>
				<artifacts>
					<artifact name="slf4j-api" type="jar" ext="jar" status="no" details="" size="26176" time="0" location="/Users/muilu/.ivy2/cache/org.slf4j/slf4j-api/jars/slf4j-api-1.6.6.jar">
						<origin-location is-local="false" location="http://repo.typesafe.com/typesafe/releases/org/slf4j/slf4j-api/1.6.6/slf4j-api-1.6.6.jar"/>
					</artifact>
				</artifacts>
			</revision>
		</module>
		<module organisation="org.scala-lang" name="scala-library">
			<revision name="2.9.2" status="release" pubdate="20120413152921" resolver="sbt-chain" artresolver="sbt-chain" homepage="http://www.scala-lang.org/" downloaded="false" searched="false" default="false" conf="default(compile), default, compile, master(*), compile(*), runtime, runtime(*), master" position="0">
				<license name="BSD-like" url="http://www.scala-lang.org/downloads/license.html          "/>
				<metadata-artifact status="no" details="" size="2391" time="0" location="/Users/muilu/.ivy2/cache/org.scala-lang/scala-library/ivy-2.9.2.xml" searched="false" origin-is-local="false" origin-location="http://repo1.maven.org/maven2/org/scala-lang/scala-library/2.9.2/scala-library-2.9.2.pom"/>
				<caller organisation="variomlws" name="variomlws_2.9.2" conf="test, compile, runtime" rev="2.9.2" rev-constraint-default="2.9.2" rev-constraint-dynamic="2.9.2" callerrev="1.0-SNAPSHOT"/>
				<caller organisation="com.codahale" name="logula_2.9.1" conf="default, compile, runtime, master" rev="2.9.2" rev-constraint-default="2.9.2" rev-constraint-dynamic="2.9.1" callerrev="2.1.3"/>
				<artifacts>
				</artifacts>
			</revision>
		</module>
	</dependencies>
</ivy-report>
