<?xml version="1.0" encoding="UTF-8"?>
<?xml-stylesheet type="text/xsl" href="ivy-report.xsl"?>
<ivy-report version="1.0">
	<info
		organisation="default"
		module="default-b6347d"
		revision="0.1-SNAPSHOT"
		extra-sbtVersion="0.12"
		extra-scalaVersion="2.9.2"
		conf="test"
		confs="compile, runtime, test, provided, optional, compile-internal, runtime-internal, test-internal, plugin, sources, docs, pom"
		date="20121109113136"/>
	<dependencies>
		<module organisation="default" name="default-060112">
			<revision name="0.0" status="integration" pubdate="20121109113132" resolver="inter-project" artresolver="inter-project" extra-sbtVersion="0.12" extra-scalaVersion="2.9.2" downloaded="false" searched="false" default="false" conf="default(compile), compile" position="0">
				<metadata-artifact status="failed" details="" size="0" time="0" searched="false"/>
				<caller organisation="default" name="default-b6347d" conf="test, compile, runtime" rev="0.0" rev-constraint-default="0.0" rev-constraint-dynamic="0.0" callerrev="0.1-SNAPSHOT" extra-sbtVersion="0.12" extra-scalaVersion="2.9.2"/>
				<artifacts>
				</artifacts>
			</revision>
		</module>
		<module organisation="com.typesafe.sbteclipse" name="sbteclipse-plugin">
			<revision name="2.1.0" status="release" pubdate="20120716181819" resolver="typesafe-ivy-releases" artresolver="typesafe-ivy-releases" extra-sbtVersion="0.12" extra-scalaVersion="2.9.2" downloaded="false" searched="false" default="false" conf="default(compile), compile" position="1">
				<metadata-artifact status="no" details="" size="1830" time="0" location="/Users/muilu/.ivy2/cache/scala_2.9.2/sbt_0.12/com.typesafe.sbteclipse/sbteclipse-plugin/ivy-2.1.0.xml" searched="false" origin-is-local="false" origin-location="http://repo.typesafe.com/typesafe/ivy-releases/com.typesafe.sbteclipse/sbteclipse-plugin/scala_2.9.2/sbt_0.12/2.1.0/ivys/ivy.xml"/>
				<caller organisation="default" name="default-b6347d" conf="test, compile, runtime" rev="2.1.0" rev-constraint-default="2.1.0" rev-constraint-dynamic="2.1.0" callerrev="0.1-SNAPSHOT" extra-sbtVersion="0.12" extra-scalaVersion="2.9.2"/>
				<caller organisation="default" name="default-060112" conf="compile" rev="2.1.0" rev-constraint-default="2.1.0" rev-constraint-dynamic="2.1.0" callerrev="0.0" extra-sbtVersion="0.12" extra-scalaVersion="2.9.2"/>
				<artifacts>
					<artifact name="sbteclipse-plugin" type="jar" ext="jar" status="no" details="" size="7978" time="0" location="/Users/muilu/.ivy2/cache/scala_2.9.2/sbt_0.12/com.typesafe.sbteclipse/sbteclipse-plugin/jars/sbteclipse-plugin-2.1.0.jar">
						<origin-location is-local="false" location="http://repo.typesafe.com/typesafe/ivy-releases/com.typesafe.sbteclipse/sbteclipse-plugin/scala_2.9.2/sbt_0.12/2.1.0/jars/sbteclipse-plugin.jar"/>
					</artifact>
				</artifacts>
			</revision>
		</module>
		<module organisation="com.typesafe.sbteclipse" name="sbteclipse-core">
			<revision name="2.1.0" status="release" pubdate="20120716181819" resolver="typesafe-ivy-releases" artresolver="typesafe-ivy-releases" extra-sbtVersion="0.12" extra-scalaVersion="2.9.2" downloaded="false" searched="false" default="false" conf="default(compile), compile" position="2">
				<metadata-artifact status="no" details="" size="1751" time="0" location="/Users/muilu/.ivy2/cache/scala_2.9.2/sbt_0.12/com.typesafe.sbteclipse/sbteclipse-core/ivy-2.1.0.xml" searched="false" origin-is-local="false" origin-location="http://repo.typesafe.com/typesafe/ivy-releases/com.typesafe.sbteclipse/sbteclipse-core/scala_2.9.2/sbt_0.12/2.1.0/ivys/ivy.xml"/>
				<caller organisation="com.typesafe.sbteclipse" name="sbteclipse-plugin" conf="compile" rev="2.1.0" rev-constraint-default="2.1.0" rev-constraint-dynamic="2.1.0" callerrev="2.1.0" extra-sbtVersion="0.12" extra-scalaVersion="2.9.2"/>
				<artifacts>
					<artifact name="sbteclipse-core" type="jar" ext="jar" status="no" details="" size="220555" time="0" location="/Users/muilu/.ivy2/cache/scala_2.9.2/sbt_0.12/com.typesafe.sbteclipse/sbteclipse-core/jars/sbteclipse-core-2.1.0.jar">
						<origin-location is-local="false" location="http://repo.typesafe.com/typesafe/ivy-releases/com.typesafe.sbteclipse/sbteclipse-core/scala_2.9.2/sbt_0.12/2.1.0/jars/sbteclipse-core.jar"/>
					</artifact>
				</artifacts>
			</revision>
		</module>
		<module organisation="org.scalaz" name="scalaz-core_2.9.2">
			<revision name="6.0.4" status="release" pubdate="20120414121242" resolver="public" artresolver="public" homepage="http://scalaz.org" downloaded="false" searched="false" default="false" conf="default(compile), default, compile, runtime, master" position="3">
				<license name="BSD-style" url="http://www.opensource.org/licenses/bsd-license.php"/>
				<metadata-artifact status="no" details="" size="2512" time="0" location="/Users/muilu/.ivy2/cache/org.scalaz/scalaz-core_2.9.2/ivy-6.0.4.xml" searched="false" origin-is-local="false" origin-location="http://repo1.maven.org/maven2/org/scalaz/scalaz-core_2.9.2/6.0.4/scalaz-core_2.9.2-6.0.4.pom"/>
				<caller organisation="com.typesafe.sbteclipse" name="sbteclipse-core" conf="compile" rev="6.0.4" rev-constraint-default="6.0.4" rev-constraint-dynamic="6.0.4" callerrev="2.1.0"/>
				<artifacts>
					<artifact name="scalaz-core_2.9.2" type="jar" ext="jar" status="no" details="" size="4474099" time="0" location="/Users/muilu/.ivy2/cache/org.scalaz/scalaz-core_2.9.2/jars/scalaz-core_2.9.2-6.0.4.jar">
						<origin-location is-local="false" location="http://repo1.maven.org/maven2/org/scalaz/scalaz-core_2.9.2/6.0.4/scalaz-core_2.9.2-6.0.4.jar"/>
					</artifact>
				</artifacts>
			</revision>
		</module>
		<module organisation="org.scala-lang" name="scala-library">
			<revision name="2.9.2" status="release" pubdate="20120413152921" resolver="sbt-chain" artresolver="sbt-chain" homepage="http://www.scala-lang.org/" downloaded="false" searched="false" default="false" conf="compile, master(*), runtime, compile(*), runtime(*), master" position="4">
				<license name="BSD-like" url="http://www.scala-lang.org/downloads/license.html          "/>
				<metadata-artifact status="no" details="" size="2391" time="0" location="/Users/muilu/.ivy2/cache/org.scala-lang/scala-library/ivy-2.9.2.xml" searched="false" origin-is-local="false" origin-location="http://repo1.maven.org/maven2/org/scala-lang/scala-library/2.9.2/scala-library-2.9.2.pom"/>
				<caller organisation="org.scalaz" name="scalaz-core_2.9.2" conf="default, compile, runtime, master" rev="2.9.2" rev-constraint-default="2.9.2" rev-constraint-dynamic="2.9.2" callerrev="6.0.4"/>
				<artifacts>
				</artifacts>
			</revision>
		</module>
	</dependencies>
</ivy-report>
